<?xml version="1.0" encoding="UTF-8"?>
<testsuite name="PalindromeNumber" tests="2" skipped="0" failures="0" errors="0" timestamp="2022-01-21T05:41:19" hostname="roachui-MacBookPro.local" time="0.022">
  <properties/>
  <testcase name="Condition 1" classname="PalindromeNumber" time="0.019"/>
  <testcase name="Condition2" classname="PalindromeNumber" time="0.001"/>
  <system-out><![CDATA[]]></system-out>
  <system-err><![CDATA[]]></system-err>
</testsuite>
